14:05:57 **** Auto Build of configuration Debug for project board_config ****
make all 
Building file: ../src/i2cbusses.c
Invoking: ARM v7 Linux gcc compiler
arm-linux-gnueabihf-gcc -Wall -O0 -g3 -c -fmessage-length=0 -MT"src/i2cbusses.o" -MMD -MP -MF"src/i2cbusses.d" -MT"src/i2cbusses.o" -o "src/i2cbusses.o" "../src/i2cbusses.c"
In file included from /opt/Xilinx/SDK/2018.1/gnu/aarch32/lin/gcc-arm-linux-gnueabi/arm-linux-gnueabihf/libc/usr/include/sys/types.h:25:0,
                 from ../src/i2cbusses.c:28:
/opt/Xilinx/SDK/2018.1/gnu/aarch32/lin/gcc-arm-linux-gnueabi/arm-linux-gnueabihf/libc/usr/include/features.h:183:3: warning: #warning "_BSD_SOURCE and _SVID_SOURCE are deprecated, use _DEFAULT_SOURCE" [-Wcpp]
 # warning "_BSD_SOURCE and _SVID_SOURCE are deprecated, use _DEFAULT_SOURCE"
   ^~~~~~~
../src/i2cbusses.c: In function ‘gather_i2c_busses’:
../src/i2cbusses.c:220:18: warning: ‘%s’ directive writing up to 255 bytes into a region of size 254 [-Wformat-overflow=]
   sprintf(n, "%s/%s/name", sysfs, de->d_name);
                  ^~
../src/i2cbusses.c:220:3: note: ‘sprintf’ output 7 or more bytes (assuming 262) into a destination of size 255
   sprintf(n, "%s/%s/name", sysfs, de->d_name);
   ^~~~~~~~~~~~~~~~~~~~~~~~~~~~~~~~~~~~~~~~~~~
../src/i2cbusses.c:224:19: warning: ‘%s’ directive writing up to 255 bytes into a region of size 254 [-Wformat-overflow=]
    sprintf(n, "%s/%s/device/name", sysfs, de->d_name);
                   ^~
../src/i2cbusses.c:224:4: note: ‘sprintf’ output 14 or more bytes (assuming 269) into a destination of size 255
    sprintf(n, "%s/%s/device/name", sysfs, de->d_name);
    ^~~~~~~~~~~~~~~~~~~~~~~~~~~~~~~~~~~~~~~~~~~~~~~~~~
../src/i2cbusses.c:231:19: warning: ‘%s’ directive writing up to 255 bytes into a region of size 254 [-Wformat-overflow=]
    sprintf(n, "%s/%s/device", sysfs, de->d_name);
                   ^~
../src/i2cbusses.c:231:4: note: ‘sprintf’ output 9 or more bytes (assuming 264) into a destination of size 255
    sprintf(n, "%s/%s/device", sysfs, de->d_name);
    ^~~~~~~~~~~~~~~~~~~~~~~~~~~~~~~~~~~~~~~~~~~~~
../src/i2cbusses.c:240:21: warning: ‘%s’ directive writing up to 255 bytes into a region of size 254 [-Wformat-overflow=]
      sprintf(n, "%s/%s/device/%s/name",
                     ^~
../src/i2cbusses.c:240:6: note: ‘sprintf’ output 15 or more bytes (assuming 525) into a destination of size 255
      sprintf(n, "%s/%s/device/%s/name",
      ^~~~~~~~~~~~~~~~~~~~~~~~~~~~~~~~~~
       sysfs, de->d_name, dde->d_name);
       ~~~~~~~~~~~~~~~~~~~~~~~~~~~~~~~
Finished building: ../src/i2cbusses.c
 
Building file: ../src/i2cset.c
Invoking: ARM v7 Linux gcc compiler
arm-linux-gnueabihf-gcc -Wall -O0 -g3 -c -fmessage-length=0 -MT"src/i2cset.o" -MMD -MP -MF"src/i2cset.d" -MT"src/i2cset.o" -o "src/i2cset.o" "../src/i2cset.c"
Finished building: ../src/i2cset.c
 
Building file: ../src/tmEvKitCECCore.c
Invoking: ARM v7 Linux gcc compiler
arm-linux-gnueabihf-gcc -Wall -O0 -g3 -c -fmessage-length=0 -MT"src/tmEvKitCECCore.o" -MMD -MP -MF"src/tmEvKitCECCore.d" -MT"src/tmEvKitCECCore.o" -o "src/tmEvKitCECCore.o" "../src/tmEvKitCECCore.c"
In file included from ../src/tmEvKitCECCore.c:64:0:
../src/tmdlHdmiCEC_IW.h:45:10: fatal error: RTL.h: No such file or directory
 #include "RTL.h"
          ^~~~~~~
compilation terminated.
src/subdir.mk:90: recipe for target 'src/tmEvKitCECCore.o' failed
make: *** [src/tmEvKitCECCore.o] Error 1

14:05:58 Build Finished (took 875ms)

